         w __deregister_frame_info
         w __register_frame_info
         w __syscall_lock_close_recursive
         w userAppExit
         w userAppInit
00000000 b _TLS_MODULE_BASE_
00000000 00000802 B __ctru_dev_utf16_buf
00000000 a shift
00000000 a shift
00000804 00000401 B __ctru_dev_path_buf
00100000 A __start__
00100000 T _start
00100008 T __service_ptr
0010000c T __apt_appid
00100010 T __heap_size
00100014 T __linear_heap_size
00100018 T __system_arglist
0010001c T __system_runflags
00100020 t startup
00100058 t ClearMem
0010006c t ClrLoop
00100094 T _init
001000ac T __aeabi_idiv
001000ac 00000220 T __divsi3
001000b4 t .divsi3_skip_div0_test
001002cc 00000020 T __aeabi_idivmod
001002ec 00000004 W __aeabi_idiv0
001002ec 00000004 W __aeabi_ldiv0
001002f0 T __aeabi_uldivmod
00100348 00000390 T strcmp
001006d0 t .udivsi3_skip_div0_test
001006d0 T __aeabi_uidiv
001006d0 000001ec T __udivsi3
001008bc 00000020 T __aeabi_uidivmod
001008dc T __aeabi_drsub
001008e4 000002b0 T __aeabi_dsub
001008e4 000002b0 T __subdf3
001008e8 000002ac T __adddf3
001008e8 000002ac T __aeabi_dadd
00100b94 00000024 T __aeabi_ui2d
00100b94 00000024 T __floatunsidf
00100bb8 00000028 T __aeabi_i2d
00100bb8 00000028 T __floatsidf
00100be0 00000048 T __aeabi_f2d
00100be0 00000048 T __extendsfdf2
00100c28 00000074 T __aeabi_ul2d
00100c28 00000074 T __floatundidf
00100c3c 00000060 T __aeabi_l2d
00100c3c 00000060 T __floatdidf
00100c9c t __do_global_dtors_aux
00100cdc t frame_dummy
00100d08 0000009c T main
00100da4 000001e8 t parseColor
00100f8c 000001ac T consoleDrawChar
00101138 00000124 T consolePrintChar
0010125c 00000b94 T con_write
00101df0 000000fc t newRow
00101eec 00000168 T consoleInit
00102054 000000d0 t gfxPresentFramebuffer
00102124 0000001c T gfxIsWide
00102140 000000ec T gfxSetScreenFormat
0010222c 00000010 T gfxSetDoubleBuffering
0010223c 000000e0 T gfxInit
0010231c 00000010 T gfxInitDefault
0010232c 000000b4 T gfxExit
001023e0 000000a0 T gfxGetFramebuffer
00102480 00000104 T gfxFlushBuffers
00102584 00000050 T gfxSwapBuffers
001025d4 00000050 T gfxSwapBuffersGpu
00102624 00000c58 t gspHardwareInit
0010327c 00000248 T gspInit
001034c4 000000f0 T gspExit
001035b4 00000010 T gspHasGpuRight
001035c4 000000a0 T gspPresentBuffer
00103664 00000044 T gspWaitForEvent
001036a8 00000004 W gxCmdQueueInterrupt
001036ac 00000158 t gspEventThreadMain
00103804 00000050 T GSPGPU_FlushDataCache
00103854 00000034 T GSPGPU_SetLcdForceBlack
00103888 00000068 T GSPGPU_AcquireRight
001038f0 00000048 T GSPGPU_ReleaseRight
00103938 0000007c T GSPGPU_ImportDisplayCaptureInfo
001039b4 0000002c T GSPGPU_SaveVramSysArea
001039e0 0000002c T GSPGPU_RestoreVramSysArea
00103a0c 000001a4 t aptConvertScreenForCapture
00103bb0 00000008 W aptDspSleep
00103bb8 00000004 W aptDspWakeup
00103bbc 00000004 W aptDspCancel
00103bc0 00000158 T aptSendCommand
00103d18 00000044 t aptExitProcess
00103d5c 000003b0 T aptExit
0010410c 000000e0 T aptHandleSleep
001041ec 00000084 T APT_SleepIfShellClosed
00104270 00000084 T aptSetSleepAllowed
001042f4 00000084 T APT_UnlockTransition
00104378 000004a4 t aptEventHandler
0010481c 000000b0 T APT_ReceiveParameter
001048cc 000000b0 t aptReceiveParameter.constprop.0
00104980 000002ac t aptScreenTransfer
00104c2c 00000344 t aptWaitForWakeUp.isra.0
00104f70 00000100 T aptJumpToHomeMenu
00105070 00000048 T aptMainLoop
001050b8 0000022c T aptInit
001052e4 0000007c T APT_CheckNew3DS
00105360 00000024 W hidShouldUseIrrst
00105384 0000018c T hidInit
00105510 000000e8 T hidExit
001055f8 000002a4 T hidScanInput
0010589c 00000010 T hidKeysDown
001058ac 00000038 W __libctru_init
001058e4 00000170 W __system_initArgv
00105a54 T svcControlMemory
00105a74 T svcQueryMemory
00105aa4 T svcExitProcess
00105aac T svcCreateThread
00105acc T svcExitThread
00105ad4 T svcSleepThread
00105adc T svcReleaseMutex
00105ae4 T svcCreateEvent
00105af8 T svcSignalEvent
00105b00 T svcClearEvent
00105b08 T svcMapMemoryBlock
00105b10 T svcUnmapMemoryBlock
00105b18 T svcCreateAddressArbiter
00105b2c T svcArbitrateAddressNoTimeout
00105b34 T svcCloseHandle
00105b3c T svcWaitSynchronization
00105b44 T svcWaitSynchronizationN
00105b6c T svcDuplicateHandle
00105b80 T svcConnectToPort
00105b94 T svcSendSyncRequest
00105b9c T svcGetResourceLimit
00105bb0 T svcGetResourceLimitLimitValues
00105bb8 T svcGetResourceLimitCurrentValues
00105bc0 T svcBreak
00105bc8 W initSystem
00105c18 W __ctru_exit
00105c30 00000024 t addrMapNodeComparator(rbtree_node const*, rbtree_node const*)
00105c54 00000004 t addrMapNodeDestructor(rbtree_node*)
00105c58 00000250 T vramMemAlignAt
00105ea8 0000000c T vramAlloc
00105eb4 00000090 T vramFree
00105f44 00000024 t addrMapNodeComparator(rbtree_node const*, rbtree_node const*)
00105f68 00000004 t addrMapNodeDestructor(rbtree_node*)
00105f6c 00000120 T linearMemAlign
0010608c 00000008 T linearAlloc
00106094 0000005c T linearFree
001060f0 00000080 T MemPool::CoalesceRight(MemBlock*)
00106170 0000016c T MemPool::Allocate(MemChunk&, unsigned long, int)
001062dc 000000fc T MemPool::Deallocate(MemChunk const&)
001063d8 00000030 T MemPool::GetFreeSpace()
00106408 0000000c T __sync_init
00106414 00000018 T __sync_fini
0010642c 0000002c T syncArbitrateAddress
00106458 000000b0 T LightLock_Lock
00106508 00000040 T LightLock_Unlock
00106548 00000024 T RecursiveLock_Init
0010656c 00000030 T RecursiveLock_Lock
0010659c 00000054 T RecursiveLock_Unlock
001065f0 00000040 T LightEvent_Init
00106630 000000a4 T LightEvent_Clear
001066d4 000000c8 T LightEvent_Signal
0010679c 00000050 T LightEvent_TryWait
001067ec 000000b0 T LightEvent_Wait
0010689c 00000034 T __ctru_speedup_config
001068d0 00000130 T srvInit
00106a00 00000058 T srvExit
00106a58 00000060 T srvEnableNotification
00106ab8 000000a0 T srvGetServiceHandleDirect
00106b58 00000038 T srvGetServiceHandle
00106b90 00000034 T srvSubscribe
00106bc4 00000060 T srvReceiveNotification
00106c24 00000038 T srvPublishToSubscriber
00106c5c 000001d0 T threadCreate
00106e2c 0000002c T threadFree
00106e58 00000024 T threadJoin
00106e7c 00000030 T threadGetCurrent
00106eac 00000040 T threadExit
00106eec 00000020 t _thread_begin
00106f0c 000000b4 t mappableFindAddressWithin
00106fc0 00000028 T mappableInit
00106fe8 00000080 T mappableAlloc
00107068 00000004 T mappableFree
0010706c 00000164 T irrstInit
001071d0 000000cc T irrstExit
0010729c 000000b4 T irrstScanInput
00107350 00000024 T irrstKeysHeld
00107374 0000000c T srvPmGetSessionHandle
00107380 00000074 T ptmSysmInit
001073f4 0000003c T ptmSysmExit
00107430 00000034 T PTMSYSM_ConfigureNew3DSCPU
00107464 00000010 T rbtree_init
00107474 000001b4 t do_insert
00107628 00000008 T rbtree_insert
00107630 00000090 T rbtree_rotate
001076c0 00000318 T rbtree_remove
001079d8 00000074 T rbtree_find
00107a4c 00000030 W __appInit
00107a7c 00000030 T __syscall_getreent
00107aac 00000004 T __syscall_lock_acquire
00107ab0 00000004 T __syscall_lock_release
00107ab4 00000004 T __syscall_lock_init_recursive
00107ab8 00000004 T __syscall_lock_acquire_recursive
00107abc 00000004 T __syscall_lock_release_recursive
00107ac0 00000004 T __syscall_exit
00107ac4 00000050 T initThreadVars
00107b14 00000080 T __system_initSyscalls
00107b98 000001e0 W __system_allocateHeaps
00107d78 00000030 W __appExit
00107da8 00000090 W __libctru_exit
00107e38 00000084 W envGetHandle
00107ebc 00000050 W envDestroyHandles
00107f0c 00000014 t archive_link
00107f20 00000014 t archive_dirreset
00107f34 00000014 t archive_chmod
00107f48 00000024 t error_cmp
00107f6c 00000050 t archive_translate_error
00107fbc 000000c8 t archive_seek
00108084 0000007c t _archiveInit.part.0
00108100 000000c4 t archiveFindDevice.part.0
001081c4 0000025c t archive_utf16path
00108420 000000a0 t _archiveUnmountDeviceStruct.part.0
001084c0 00000014 t archive_fchmod
001084d4 00000014 t archive_statvfs
001084e8 00000164 t _archiveMountDevice
0010864c 000000e8 t archive_diropen
00108734 000000a4 t archive_fstat
001087d8 0000006c t archive_close
00108844 0000006c t archive_fsync
001088b0 00000070 t archive_dirclose
00108920 000000e8 t sdmc_statvfs
00108a08 000000ec t archive_chdir
00108af4 0000007c t archive_ftruncate
00108b70 000000ac t archive_read
00108c1c 000000a4 t archive_unlink
00108cc0 000000bc t archive_rmdir
00108d7c 000000dc t archive_mkdir
00108e58 0000019c t archive_stat
00108ff4 0000015c t archive_dirnext
00109150 000000ec t archive_write
0010923c 000001d4 t archive_open
00109410 00000278 t archive_rename
00109688 0000019c T archiveMountSdmc
00109824 00000054 T archiveUnmountAll
00109878 000000cc T fsInit
00109944 0000003c T fsExit
00109980 00000060 T fsExemptFromSession
001099e0 00000050 T fsUnexemptFromSession
00109a30 000000cc T FSUSER_OpenFile
00109afc 000000bc T FSUSER_DeleteFile
00109bb8 000000f8 T FSUSER_RenameFile
00109cb0 000000bc T FSUSER_DeleteDirectory
00109d6c 000000d4 T FSUSER_CreateFile
00109e40 000000c4 T FSUSER_CreateDirectory
00109f04 000000f8 T FSUSER_RenameDirectory
00109ffc 000000b4 T FSUSER_OpenDirectory
0010a0b0 00000098 T FSUSER_OpenArchive
0010a148 0000008c T FSUSER_CloseArchive
0010a1d4 00000074 T FSUSER_GetSdmcArchiveResource
0010a248 00000064 T FSUSER_IsSdmcWritable
0010a2ac 00000058 T FSFILE_Read
0010a304 00000060 T FSFILE_Write
0010a364 0000003c T FSFILE_GetSize
0010a3a0 00000028 T FSFILE_SetSize
0010a3c8 0000003c T FSFILE_Close
0010a404 00000024 T FSFILE_Flush
0010a428 00000050 T FSDIR_Read
0010a478 0000003c T FSDIR_Close
0010a4b4 0000005c T rbtree_node_next
0010a510 000000e8 T utf16_to_utf8
0010a5f8 00000064 T decode_utf16
0010a65c 0000013c T decode_utf8
0010a798 000000c0 T utf8_to_utf16
0010a858 T __aeabi_read_tp
0010a864 00000054 T encode_utf16
0010a8b8 000000e0 T encode_utf8
0010a998 00000120 T __udivmoddi4
0010aab8 00000078 T bsearch
0010ab30 0000000c T __errno
0010ab3c 00000034 T exit
0010ab70 00000234 T __sflush_r
0010ada4 00000094 T _fflush_r
0010ae38 0000000c T _cleanup_r
0010ae44 00000184 T __sinit
0010afc8 0000000c T __sfp_lock_acquire
0010afd4 0000000c T __sfp_lock_release
0010afe0 0000003c T __libc_fini_array
0010b01c 000000f8 T _malloc_trim_r
0010b114 000002e8 T _free_r
0010b3fc 00000070 T _fwalk_reent
0010b46c 00000084 T __libc_init_array
0010b4f0 00000020 T memalign
0010b510 0000014c T _memalign_r
0010b65c 00000018 T malloc
0010b674 00000018 T free
0010b68c 000007e4 T _malloc_r
0010be70 000000e4 T memchr
0010bf54 00000118 T memcpy
0010c06c 000000f4 T memset
0010c160 0000000c T __malloc_lock
0010c16c 0000000c T __malloc_unlock
0010c178 00000034 T printf
0010c1ac 0000025c T setvbuf
0010c408 00000074 T sscanf
0010c47c 00000044 T __sread
0010c4c0 00000008 T __seofread
0010c4c8 00000068 T __swrite
0010c530 00000044 T __sseek
0010c574 00000008 T __sclose
0010c57c 0000005c T strlen
0010c5d8 000000e4 T strncat
0010c6bc 000000e4 T strncmp
0010c7a0 000000c4 T strncpy
0010c864 00000048 T strnlen
0010c8ac 000001c4 t _strtoul_l.constprop.0
0010ca70 00000004 T _strtoul_r
0010ca74 00000028 T strtoul
0010ca9c 00000050 t get_arg
0010caec 00002c38 T __ssvfscanf_r
0010f724 0000066c t get_arg
0010fd90 0000339c T _vfprintf_r
0011312c 000000d0 t __sbprintf
001131fc 00000054 T _wcrtomb_r
00113250 00000028 T _wcsrtombs_r
00113278 0000013c T __swsetup_r
001133b4 00000114 T __call_exitprocs
001134c8 000001b0 t quorem
00113678 000011f8 T _dtoa_r
00114870 0000015c T _fclose_r
001149cc 00000008 T iswspace
001149d4 0000000c T _localeconv_r
001149e0 00000010 T __locale_mb_cur_max
001149f0 00000138 T __smakebuf_r
00114b28 0000008c T __swhatbuf_r
00114bb4 00000068 T _mbrtowc_r
00114c1c 000002f8 T __utf8_mbtowc
00114f14 00000088 T _Balloc
00114f9c 0000001c T _Bfree
00114fb8 000000f4 T __multadd
001150ac 00000110 T __s2b
001151bc 00000060 T __hi0bits
0011521c 0000009c T __lo0bits
001152b8 000000a8 T __i2b
00115360 00000204 T __multiply
00115564 00000124 T __pow5mult
00115688 00000140 T __lshift
001157c8 00000058 T __mcmp
00115820 000001ec T __mdiff
00115a0c 00000068 T __ulp
00115a74 000000d0 T __b2d
00115b44 00000120 T __d2b
00115c64 00000078 T __ratio
00115cdc 00000088 T __copybits
00115d64 0000005c T __any_on
00115dc0 00000020 T realloc
00115de0 000004a0 T _realloc_r
00116280 000000f4 T __sccl
00116374 0000000c T nanf
00116380 00000088 T frexp
00116408 00000064 T sprintf
0011646c 000000cc T stpncpy
00116538 00000130 T strchr
00116668 00000064 t sulp
001166d0 000013a8 T _strtod_l
00117a78 0000000c T _strtod_r
00117a84 0000022c t _strtoll_l.constprop.0
00117cb0 00000004 T _strtoll_r
00117cb4 000001a4 t _strtol_l.part.0
00117e58 0000003c T _strtol_r
00117e94 00000244 t _strtoull_l.constprop.0
001180d8 00000004 T _strtoull_r
001180dc 00000188 T __ssprint_r
00118264 000000d4 T _sungetc_r
00118338 0000006c T __ssrefill_r
001183a4 000000c4 T _sfread_r
00118468 0000066c t get_arg
00118ad8 00003334 T _svfprintf_r
0011be0c 000000a8 T __submore
0011beb4 0000066c t get_arg
0011c520 00000030 T __sprint_r
0011c550 000022ec T _vfiprintf_r
0011e83c 000000d0 t __sbprintf
0011e90c 00000188 T _wcsnrtombs_l
0011ea94 0000004c T _wcsnrtombs_r
0011eae0 000000f0 T __utf8_wctomb
0011ebd0 0000005c T __assert_func
0011ec2c 000000c0 T _calloc_r
0011ecec 0000003c T fiprintf
0011ed28 000004b4 T __sfvwrite_r
0011f1dc 000000f0 t rshift
0011f2cc 00000814 T __gethex
0011fae0 0000004c T __match
0011fb2c 0000029c T __hexnan
0011fdc8 0000003c T iswspace_l
0011fe04 000001d8 t __jp2uc
0011ffdc 0000009c T _jp2uc_l
00120078 00000150 T memmove
001201c8 00000010 T nan
001201d8 00000014 T abort
001201ec 0000008c T category
00120278 00000090 T _raise_r
00120308 00000018 T raise
00120320 00000008 t null_write
00120328 00000018 T setDefaultDevice
00120340 000000c8 T FindDevice
00120408 00000028 T RemoveDevice
00120430 0000009c T AddDevice
001204cc 00000020 T GetDeviceOpTab
001204ec 00000078 T _fstat_r
00120564 00000014 T _getpid_r
00120578 00000008 T _isatty_r
00120580 00000014 T _kill_r
00120594 00000084 T _lseek_r
00120618 00000080 T _read_r
00120698 00000078 T _sbrk_r
00120710 00000080 T _write_r
00120790 00000020 T _exit
001207b0 000001a4 T _concatenate_path
00120954 00000140 T chdir
00120a94 00000008 T __flockfile
00120a9c 00000008 T __funlockfile
00120aa4 0000003c T __get_handle
00120ae0 000000f4 T _close_r
00120bd4 0000002c T __getreent
00120c00 0000001c T __libc_lock_acquire
00120c1c 0000001c T __libc_lock_release
00120c38 0000001c T __libc_lock_init_recursive
00120c54 0000001c T __libc_lock_acquire_recursive
00120c70 0000001c T __libc_lock_release_recursive
00120c8c 0000001c T __libc_lock_close_recursive
00120ca8 00000038 T __aeabi_d2lz
00120ca8 00000038 T __fixdfdi
00120ce0 00000040 T __aeabi_d2ulz
00120ce0 00000040 T __fixunsdfdi
00120d20 00000048 T strrchr
00120d68 T _fini
00121010 R brew_bgr
00159410 R brew_bgr_end
001594d8 00000070 r dotab_stdout
00159548 00000018 r grayScale
00159560 00000006 r colorCube
00159568 00000030 r colorTable
001595bc 00000008 r morton_y.2
001595c4 00000008 r morton_x.3
001595cc 00000008 r s_sleepWakeEvents.4
001595f8 R default_font_bin
00159df8 R default_font_bin_end
00159e28 00000030 r error_table
00159e60 00000070 r archive_devoptab
00159ed8 00000004 R _global_impure_ptr
00159ee4 00000022 r basefix.0
00159f44 00000010 r zeroes.0
00159f54 00000010 r blanks.1
00159f64 00000101 R _ctype_
0015a078 r .LC2
0015a16c 0000000c r p05.0
0015a178 00000028 R __mprec_bigtens
0015a1a0 000000c8 R __mprec_tens
0015a278 00000014 r fpinan.0
0015a28c 00000014 r fpi.1
0015a2a0 00000028 r tinytens
0015a2c8 0000006c R __action_table
0015a334 0000006c R __state_table
0015a3a0 00000100 R __chclass
0015a4a0 00000010 r zeroes.0
0015a4b0 00000010 r blanks.1
0015a4c0 00000010 r zeroes.0
0015a4d0 00000010 r blanks.1
0015a570 00000100 R __hexdig
0015a684 00001a7c r d02f4
0015c100 0000172a r b02cf
0015d82c 00000040 r a8
0015d86c 000000a2 r a7
0015d910 00000070 r a6
0015d980 0000005b r a3
0015d9dc 000000bc r a2
0015da98 000000bc r a1
0015db54 00003528 r categories
0016107c 00000070 R dotab_stdnull
001610ec R __tdata_align
001610f0 r 
001610f0 R __exidx_end
001610f0 R __exidx_start
00162000 00000001 d firstConsoleInit.0
00162004 00000004 D currentConsole
00162008 00000048 D defaultConsole
00162050 00000004 d kCount
00162054 00000004 d kInterval
00162058 00000004 d kDelay
0016205c W __stacksize__
00162060 00000004 D _impure_ptr
00162068 00000460 d impure_data
001624c8 00000004 D __malloc_sbrk_base
001624cc 00000004 D __malloc_trim_threshold
001624d0 00000408 D __malloc_av_
001628d8 0000016c D __global_locale
00162a44 0000008c D devoptab_list
00162ad0 00000004 d defaultDevice
00162ad4 00000400 d _current_working_directory
00162ed4 00001000 d handles
00163ed4 0000000c d __stderr_handle
00163ee0 0000000c d __stdout_handle
00163eec 0000000c d __stdin_handle
00163f00 d _GLOBAL_OFFSET_TABLE_
00163f0c d __frame_dummy_init_array_entry
00163f0c D __init_array_start
00163f0c B __preinit_array_end
00163f0c B __preinit_array_start
00163f0c D __tdata_lma
00163f0c D __tdata_lma_end
00163f10 d __do_global_dtors_aux_fini_array_entry
00163f10 D __fini_array_start
00163f10 D __init_array_end
00163f14 D __bss_start__
00163f14 D __fini_array_end
00163f14 b completed.1
00163f18 b object.0
00163f30 00000048 B currentCopy
00163f78 00000004 b screenAlloc
00163f7c 00000004 b screenFree
00163f80 00000002 b gfxIsDoubleBuf
00163f84 00000002 b gfxCurBuf
00163f86 00000001 b gfxIsVram
00163f87 00000001 b gfxTopMode
00163f88 00000002 b gfxFramebufferFormats
00163f8c 00000004 b gfxBottomFramebufferMaxSize
00163f90 00000004 b gfxTopFramebufferMaxSize
00163f98 00000008 b gfxBottomFramebuffers
00163fa0 00000008 b gfxTopFramebuffers
00163fa8 00000007 b gspEventCbOneShot
00163fb0 0000001c b gspEventCbData
00163fcc 0000001c b gspEventCb
00163fe8 00000038 b gspEvents
00164020 00000004 b gspLastEvent
00164024 00000001 b gspRunEvents
00164028 00000004 b gspEventThread
0016402c 00000004 b gspEvent
00164030 00000001 b gspGpuRight
00164031 00000001 b gspThreadId
00164034 00000004 b gspSharedMem
00164038 00000004 b gspSharedMemHandle
0016403c 00000004 b gspRefCount
00164040 00000004 b gspGpuHandle
00164044 00000001 b flagValue.0
00164045 00000001 b flagInit.1
00164048 00000004 b serviceName.6
0016404c 00000001 b aptChainloadMediatype
00164050 00000008 b aptChainloadTid
00164058 00000001 b aptChainloadFlags
0016405c 00001000 b aptParameters
0016505c 00000004 b aptFlags
00165060 00000001 b aptHomeButtonState
00165064 00000004 b aptMessageFuncData
00165068 00000004 b aptMessageFunc
0016506c 0000000c b aptFirstHook
00165078 00000001 b aptEventHandlerThreadQuit
0016507c 00000004 b aptEventHandlerThread
00165080 00000008 b aptSleepEvent
00165088 00000008 b aptReceiveEvent
00165090 00000008 b aptEvents
00165098 00000004 b aptLockHandle
0016509c 00000004 b aptRefCount
001650a0 00000001 b usingIrrst
001650a4 00000004 b hidRefCount
001650a8 00000006 b gRate
001650b0 00000006 b aVec
001650b8 00000004 b cPos
001650bc 00000004 b tPos
001650c0 00000004 b kRepeat
001650c4 00000004 b kUp
001650c8 00000004 b kDown
001650cc 00000004 b kHeld
001650d0 00000004 b kOld
001650d4 00000004 B hidSharedMem
001650d8 00000014 B hidEvents
001650ec 00000004 B hidMemHandle
001650f0 00000004 B hidHandle
001650f4 00000004 B __system_retAddr
001650f8 00000004 B __system_argv
001650fc 00000004 B __system_argc
00165100 b saved_stack
00165108 00000008 b sVramPoolB
00165110 00000008 b sVramPoolA
00165118 0000000c b sAddrMap
00165128 00000008 b sLinearPool
00165130 0000000c b sAddrMap
0016513c 00000004 b arbiter
00165140 00000001 V __ctru_speedup
00165144 00000004 B __3dslink_host
00165148 00000004 b srvRefCount
0016514c 00000004 b srvHandle
00165150 00000004 b currentAddr
00165154 00000004 b maxAddr
00165158 00000004 b minAddr
0016515c 00000004 b irrstRefCount
00165160 00000004 b csPos
00165164 00000004 b kHeld
00165168 00000004 B irrstSharedMem
0016516c 00000004 B irrstEvent
00165170 00000004 B irrstMemHandle
00165174 00000004 B irrstHandle
00165178 00000004 b srvPmHandle
0016517c 00000004 b ptmSysmRefCount
00165180 00000004 b ptmSysmHandle
00165184 00000004 V __ctru_linear_heap_size
00165188 00000004 V __ctru_heap_size
0016518c 00000004 B __ctru_linear_heap
00165190 00000004 B __ctru_heap
00165198 00000540 b archive_devices
001656d8 00000004 b archive_device_cwd
001656dc 00000001 b archive_initialized
001656e0 00000080 b fsExemptArchives
00165760 00000004 b fsuRefCount
00165764 00000004 b fsuHandle
00165768 0000000c b __sinit_recursive_mutex
00165774 0000000c b __sfp_recursive_mutex
00165780 00000028 B __malloc_current_mallinfo
001657a8 00000004 B __malloc_max_total_mem
001657ac 00000004 B __malloc_max_sbrked_mem
001657b0 00000004 B __malloc_top_pad
001657b4 0000000c b __malloc_recursive_mutex
001657c0 0000000c B __atexit_recursive_mutex
001657cc 00000004 b heap_start.0
001657d0 00000004 B fake_heap_start
001657d4 00000004 B fake_heap_end
001657d8 00000400 b temp_cwd
00165bd8 00000004 b __hndl_lock
00165bdc B __tls_start
001667e4 B __bss_end__
001667e4 A __end__
001667e4 B __tls_end
