         w __deregister_frame_info
         w __register_frame_info
         w __syscall_lock_close_recursive
         w userAppExit
         w userAppInit
00000000 b _TLS_MODULE_BASE_
00000000 00000802 B __ctru_dev_utf16_buf
00000000 a shift
00000000 a shift
00000804 00000401 B __ctru_dev_path_buf
00100000 A __start__
00100000 T _start
00100008 T __service_ptr
0010000c T __apt_appid
00100010 T __heap_size
00100014 T __linear_heap_size
00100018 T __system_arglist
0010001c T __system_runflags
00100020 t startup
00100058 t ClearMem
0010006c t ClrLoop
00100094 T _init
001000ac T __aeabi_idiv
001000ac 00000220 T __divsi3
001000b4 t .divsi3_skip_div0_test
001002cc 00000020 T __aeabi_idivmod
001002ec 00000004 W __aeabi_idiv0
001002ec 00000004 W __aeabi_ldiv0
001002f0 T __aeabi_uldivmod
00100348 00000390 T strcmp
001006d0 t .udivsi3_skip_div0_test
001006d0 T __aeabi_uidiv
001006d0 000001ec T __udivsi3
001008bc 00000020 T __aeabi_uidivmod
001008dc T __aeabi_drsub
001008e4 000002b0 T __aeabi_dsub
001008e4 000002b0 T __subdf3
001008e8 000002ac T __adddf3
001008e8 000002ac T __aeabi_dadd
00100b94 00000024 T __aeabi_ui2d
00100b94 00000024 T __floatunsidf
00100bb8 00000028 T __aeabi_i2d
00100bb8 00000028 T __floatsidf
00100be0 00000048 T __aeabi_f2d
00100be0 00000048 T __extendsfdf2
00100c28 00000074 T __aeabi_ul2d
00100c28 00000074 T __floatundidf
00100c3c 00000060 T __aeabi_l2d
00100c3c 00000060 T __floatdidf
00100c9c t __do_global_dtors_aux
00100cdc t frame_dummy
00100d08 00000060 t MyCallback
00100d68 00000404 T keyboardDemo
0010116c 00000010 T main
0010117c 000001e8 t parseColor
00101364 000001ac T consoleDrawChar
00101510 00000124 T consolePrintChar
00101634 00000b94 T con_write
001021c8 000000fc t newRow
001022c4 00000168 T consoleInit
0010242c 000000d0 t gfxPresentFramebuffer
001024fc 0000001c T gfxIsWide
00102518 000000ec T gfxSetScreenFormat
00102604 00000010 T gfxSetDoubleBuffering
00102614 000000e0 T gfxInit
001026f4 00000010 T gfxInitDefault
00102704 000000b4 T gfxExit
001027b8 000000a0 T gfxGetFramebuffer
00102858 00000104 T gfxFlushBuffers
0010295c 00000050 T gfxSwapBuffers
001029ac 00000050 T gfxSwapBuffersGpu
001029fc 00000c58 t gspHardwareInit
00103654 00000248 T gspInit
0010389c 000000f0 T gspExit
0010398c 00000010 T gspHasGpuRight
0010399c 000000a0 T gspPresentBuffer
00103a3c 00000044 T gspWaitForEvent
00103a80 00000004 W gxCmdQueueInterrupt
00103a84 00000158 t gspEventThreadMain
00103bdc 00000050 T GSPGPU_FlushDataCache
00103c2c 00000034 T GSPGPU_SetLcdForceBlack
00103c60 00000068 T GSPGPU_AcquireRight
00103cc8 00000048 T GSPGPU_ReleaseRight
00103d10 0000007c T GSPGPU_ImportDisplayCaptureInfo
00103d8c 0000002c T GSPGPU_SaveVramSysArea
00103db8 0000002c T GSPGPU_RestoreVramSysArea
00103de4 000001a4 t aptConvertScreenForCapture
00103f88 00000008 W aptDspSleep
00103f90 00000004 W aptDspWakeup
00103f94 00000004 W aptDspCancel
00103f98 00000158 T aptSendCommand
001040f0 00000044 t aptExitProcess
00104138 00000050 T aptSetChainloaderToSelf
00104188 000003b0 T aptExit
00104538 000000e0 T aptHandleSleep
00104618 0000001c T aptSetMessageCallback
00104634 00000084 T APT_SleepIfShellClosed
001046b8 00000084 T aptSetSleepAllowed
0010473c 00000084 T APT_UnlockTransition
001047c0 000004a4 t aptEventHandler
00104c64 000000b0 T APT_ReceiveParameter
00104d14 000000b0 t aptReceiveParameter.constprop.0
00104dc8 000002ac t aptScreenTransfer
00105074 00000344 t aptWaitForWakeUp.isra.0
001053b8 0000011c T aptLaunchLibraryApplet
001054d8 00000100 T aptJumpToHomeMenu
001055d8 00000048 T aptMainLoop
00105620 0000022c T aptInit
0010584c 0000005c T APT_SendParameter
001058a8 0000007c T APT_CheckNew3DS
00105924 00000024 W hidShouldUseIrrst
00105948 0000018c T hidInit
00105ad4 000000e8 T hidExit
00105bbc 000002a4 T hidScanInput
00105e60 00000010 T hidKeysDown
00105e70 00000178 t swkbdMessageCallback
00105fe8 00000078 T swkbdInit
00106060 00000038 T swkbdSetFeatures
00106098 00000050 T swkbdSetHintText
001060e8 0000006c T swkbdSetButton
00106154 00000008 T swkbdSetInitialText
0010615c 0000009c T swkbdSetDictWord
001061f8 00000014 T swkbdSetDictionary
0010620c 00000030 T swkbdSetStatusData
0010623c 00000030 T swkbdSetLearningData
0010626c 00000014 T swkbdSetFilterCallback
00106280 000003a4 T swkbdInputText
00106624 000000e8 T utf16_to_utf8
0010670c 00000064 T decode_utf16
00106770 000000c0 T utf8_to_utf16
00106830 00000038 W __libctru_init
00106868 00000170 W __system_initArgv
001069d8 T svcControlMemory
001069f8 T svcQueryMemory
00106a28 T svcExitProcess
00106a30 T svcCreateThread
00106a50 T svcExitThread
00106a58 T svcSleepThread
00106a60 T svcReleaseMutex
00106a68 T svcCreateEvent
00106a7c T svcSignalEvent
00106a84 T svcClearEvent
00106a8c T svcCreateMemoryBlock
00106aa4 T svcMapMemoryBlock
00106aac T svcUnmapMemoryBlock
00106ab4 T svcCreateAddressArbiter
00106ac8 T svcArbitrateAddressNoTimeout
00106ad0 T svcCloseHandle
00106ad8 T svcWaitSynchronization
00106ae0 T svcWaitSynchronizationN
00106b08 T svcDuplicateHandle
00106b1c T svcConnectToPort
00106b30 T svcSendSyncRequest
00106b38 T svcGetResourceLimit
00106b4c T svcGetResourceLimitLimitValues
00106b54 T svcGetResourceLimitCurrentValues
00106b5c T svcBreak
00106b64 W initSystem
00106bb4 W __ctru_exit
00106bcc 00000024 t addrMapNodeComparator(rbtree_node const*, rbtree_node const*)
00106bf0 00000004 t addrMapNodeDestructor(rbtree_node*)
00106bf4 00000250 T vramMemAlignAt
00106e44 0000000c T vramAlloc
00106e50 00000090 T vramFree
00106ee0 00000024 t addrMapNodeComparator(rbtree_node const*, rbtree_node const*)
00106f04 00000004 t addrMapNodeDestructor(rbtree_node*)
00106f08 00000120 T linearMemAlign
00107028 00000008 T linearAlloc
00107030 0000005c T linearFree
0010708c 00000080 T MemPool::CoalesceRight(MemBlock*)
0010710c 0000016c T MemPool::Allocate(MemChunk&, unsigned long, int)
00107278 000000fc T MemPool::Deallocate(MemChunk const&)
00107374 00000030 T MemPool::GetFreeSpace()
001073a4 0000000c T __sync_init
001073b0 00000018 T __sync_fini
001073c8 0000002c T syncArbitrateAddress
001073f4 000000b0 T LightLock_Lock
001074a4 00000040 T LightLock_Unlock
001074e4 00000024 T RecursiveLock_Init
00107508 00000030 T RecursiveLock_Lock
00107538 00000054 T RecursiveLock_Unlock
0010758c 00000040 T LightEvent_Init
001075cc 000000a4 T LightEvent_Clear
00107670 000000c8 T LightEvent_Signal
00107738 00000050 T LightEvent_TryWait
00107788 000000b0 T LightEvent_Wait
00107838 00000034 T __ctru_speedup_config
0010786c 00000130 T srvInit
0010799c 00000058 T srvExit
001079f4 00000060 T srvEnableNotification
00107a54 000000a0 T srvGetServiceHandleDirect
00107af4 00000038 T srvGetServiceHandle
00107b2c 00000034 T srvSubscribe
00107b60 00000060 T srvReceiveNotification
00107bc0 00000038 T srvPublishToSubscriber
00107bf8 000001d0 T threadCreate
00107dc8 0000002c T threadFree
00107df4 00000024 T threadJoin
00107e18 00000030 T threadGetCurrent
00107e48 00000040 T threadExit
00107e88 00000020 t _thread_begin
00107ea8 000000b4 t mappableFindAddressWithin
00107f5c 00000028 T mappableInit
00107f84 00000080 T mappableAlloc
00108004 00000004 T mappableFree
00108008 00000164 T irrstInit
0010816c 000000cc T irrstExit
00108238 000000b4 T irrstScanInput
001082ec 00000024 T irrstKeysHeld
00108310 0000000c T srvPmGetSessionHandle
0010831c 00000074 T ptmSysmInit
00108390 0000003c T ptmSysmExit
001083cc 00000034 T PTMSYSM_ConfigureNew3DSCPU
00108400 00000010 T rbtree_init
00108410 000001b4 t do_insert
001085c4 00000008 T rbtree_insert
001085cc 00000090 T rbtree_rotate
0010865c 00000318 T rbtree_remove
00108974 00000074 T rbtree_find
001089e8 00000054 T encode_utf16
00108a3c 000000e0 T encode_utf8
00108b1c 0000013c T decode_utf8
00108c58 00000030 W __appInit
00108c88 00000030 T __syscall_getreent
00108cb8 00000004 T __syscall_lock_acquire
00108cbc 00000004 T __syscall_lock_release
00108cc0 00000004 T __syscall_lock_init_recursive
00108cc4 00000004 T __syscall_lock_acquire_recursive
00108cc8 00000004 T __syscall_lock_release_recursive
00108ccc 00000004 T __syscall_exit
00108cd0 00000050 T initThreadVars
00108d20 00000080 T __system_initSyscalls
00108da0 000001e0 W __system_allocateHeaps
00108f80 00000030 W __appExit
00108fb0 00000090 W __libctru_exit
00109040 00000084 W envGetHandle
001090c4 00000050 W envDestroyHandles
00109114 00000014 t archive_link
00109128 00000014 t archive_dirreset
0010913c 00000014 t archive_chmod
00109150 00000024 t error_cmp
00109174 00000050 t archive_translate_error
001091c4 000000c8 t archive_seek
0010928c 0000007c t _archiveInit.part.0
00109308 000000c4 t archiveFindDevice.part.0
001093cc 0000025c t archive_utf16path
00109628 000000a0 t _archiveUnmountDeviceStruct.part.0
001096c8 00000014 t archive_fchmod
001096dc 00000014 t archive_statvfs
001096f0 00000164 t _archiveMountDevice
00109854 000000e8 t archive_diropen
0010993c 000000a4 t archive_fstat
001099e0 0000006c t archive_close
00109a4c 0000006c t archive_fsync
00109ab8 00000070 t archive_dirclose
00109b28 000000e8 t sdmc_statvfs
00109c10 000000ec t archive_chdir
00109cfc 0000007c t archive_ftruncate
00109d78 000000ac t archive_read
00109e24 000000a4 t archive_unlink
00109ec8 000000bc t archive_rmdir
00109f84 000000dc t archive_mkdir
0010a060 0000019c t archive_stat
0010a1fc 0000015c t archive_dirnext
0010a358 000000ec t archive_write
0010a444 000001d4 t archive_open
0010a618 00000278 t archive_rename
0010a890 0000019c T archiveMountSdmc
0010aa2c 00000054 T archiveUnmountAll
0010aa80 000000cc T fsInit
0010ab4c 0000003c T fsExit
0010ab88 00000060 T fsExemptFromSession
0010abe8 00000050 T fsUnexemptFromSession
0010ac38 000000cc T FSUSER_OpenFile
0010ad04 000000bc T FSUSER_DeleteFile
0010adc0 000000f8 T FSUSER_RenameFile
0010aeb8 000000bc T FSUSER_DeleteDirectory
0010af74 000000d4 T FSUSER_CreateFile
0010b048 000000c4 T FSUSER_CreateDirectory
0010b10c 000000f8 T FSUSER_RenameDirectory
0010b204 000000b4 T FSUSER_OpenDirectory
0010b2b8 00000098 T FSUSER_OpenArchive
0010b350 0000008c T FSUSER_CloseArchive
0010b3dc 00000074 T FSUSER_GetSdmcArchiveResource
0010b450 00000064 T FSUSER_IsSdmcWritable
0010b4b4 00000058 T FSFILE_Read
0010b50c 00000060 T FSFILE_Write
0010b56c 0000003c T FSFILE_GetSize
0010b5a8 00000028 T FSFILE_SetSize
0010b5d0 0000003c T FSFILE_Close
0010b60c 00000024 T FSFILE_Flush
0010b630 00000050 T FSDIR_Read
0010b680 0000003c T FSDIR_Close
0010b6bc 0000005c T rbtree_node_next
0010b718 T __aeabi_read_tp
0010b724 00000120 T __udivmoddi4
0010b844 00000078 T bsearch
0010b8bc 0000000c T __errno
0010b8c8 00000034 T exit
0010b8fc 00000234 T __sflush_r
0010bb30 00000094 T _fflush_r
0010bbc4 0000000c T _cleanup_r
0010bbd0 00000184 T __sinit
0010bd54 0000000c T __sfp_lock_acquire
0010bd60 0000000c T __sfp_lock_release
0010bd6c 0000003c T __libc_fini_array
0010bda8 000000f8 T _malloc_trim_r
0010bea0 000002e8 T _free_r
0010c188 00000070 T _fwalk_reent
0010c1f8 00000084 T __libc_init_array
0010c27c 00000020 T memalign
0010c29c 0000014c T _memalign_r
0010c3e8 00000018 T malloc
0010c400 00000018 T free
0010c418 000007e4 T _malloc_r
0010cbfc 000000e4 T memchr
0010cce0 00000118 T memcpy
0010cdf8 000000f4 T memset
0010ceec 0000000c T __malloc_lock
0010cef8 0000000c T __malloc_unlock
0010cf04 00000034 T printf
0010cf38 000000e0 T _puts_r
0010d018 00000018 T puts
0010d030 0000025c T setvbuf
0010d28c 00000074 T sscanf
0010d300 00000044 T __sread
0010d344 00000008 T __seofread
0010d34c 00000068 T __swrite
0010d3b4 00000044 T __sseek
0010d3f8 00000008 T __sclose
0010d400 0000005c T strlen
0010d45c 000000e4 T strncat
0010d540 000000e4 T strncmp
0010d624 000000c4 T strncpy
0010d6e8 00000048 T strnlen
0010d730 00000128 t critical_factorization
0010d858 00000364 t two_way_long_needle
0010dbbc 00000248 T strstr
0010de04 000001c4 t _strtoul_l.constprop.0
0010dfc8 00000004 T _strtoul_r
0010dfcc 00000028 T strtoul
0010dff4 00000050 t get_arg
0010e044 00002c38 T __ssvfscanf_r
00110c7c 0000066c t get_arg
001112e8 0000339c T _vfprintf_r
00114684 000000d0 t __sbprintf
00114754 00000054 T _wcrtomb_r
001147a8 00000028 T _wcsrtombs_r
001147d0 0000013c T __swsetup_r
0011490c 00000114 T __call_exitprocs
00114a20 000001b0 t quorem
00114bd0 000011f8 T _dtoa_r
00115dc8 0000015c T _fclose_r
00115f24 000004b4 T __sfvwrite_r
001163d8 00000008 T iswspace
001163e0 0000000c T _localeconv_r
001163ec 00000010 T __locale_mb_cur_max
001163fc 00000138 T __smakebuf_r
00116534 0000008c T __swhatbuf_r
001165c0 00000068 T _mbrtowc_r
00116628 000002f8 T __utf8_mbtowc
00116920 000000b0 T memcmp
001169d0 00000150 T memmove
00116b20 00000088 T _Balloc
00116ba8 0000001c T _Bfree
00116bc4 000000f4 T __multadd
00116cb8 00000110 T __s2b
00116dc8 00000060 T __hi0bits
00116e28 0000009c T __lo0bits
00116ec4 000000a8 T __i2b
00116f6c 00000204 T __multiply
00117170 00000124 T __pow5mult
00117294 00000140 T __lshift
001173d4 00000058 T __mcmp
0011742c 000001ec T __mdiff
00117618 00000068 T __ulp
00117680 000000d0 T __b2d
00117750 00000120 T __d2b
00117870 00000078 T __ratio
001178e8 00000088 T __copybits
00117970 0000005c T __any_on
001179cc 00000020 T realloc
001179ec 000004a0 T _realloc_r
00117e8c 000000f4 T __sccl
00117f80 0000000c T nanf
00117f90 00000088 T frexp
00118018 00000064 T sprintf
0011807c 000000cc T stpncpy
00118148 00000130 T strchr
00118278 00000064 t sulp
001182e0 000013a8 T _strtod_l
00119688 0000000c T _strtod_r
00119694 0000022c t _strtoll_l.constprop.0
001198c0 00000004 T _strtoll_r
001198c4 000001a4 t _strtol_l.part.0
00119a68 0000003c T _strtol_r
00119aa4 00000244 t _strtoull_l.constprop.0
00119ce8 00000004 T _strtoull_r
00119cec 00000188 T __ssprint_r
00119e74 000000d4 T _sungetc_r
00119f48 0000006c T __ssrefill_r
00119fb4 000000c4 T _sfread_r
0011a078 0000066c t get_arg
0011a6e8 00003334 T _svfprintf_r
0011da1c 000000a8 T __submore
0011dac4 0000066c t get_arg
0011e130 00000030 T __sprint_r
0011e160 000022ec T _vfiprintf_r
0012044c 000000d0 t __sbprintf
0012051c 00000188 T _wcsnrtombs_l
001206a4 0000004c T _wcsnrtombs_r
001206f0 000000f0 T __utf8_wctomb
001207e0 0000005c T __assert_func
0012083c 000000c0 T _calloc_r
001208fc 0000003c T fiprintf
00120938 000000f0 t rshift
00120a28 00000814 T __gethex
0012123c 0000004c T __match
00121288 0000029c T __hexnan
00121524 0000003c T iswspace_l
00121560 000001d8 t __jp2uc
00121738 0000009c T _jp2uc_l
001217d8 00000010 T nan
001217e8 00000014 T abort
001217fc 0000008c T category
00121888 00000090 T _raise_r
00121918 00000018 T raise
00121930 00000008 t null_write
00121938 00000018 T setDefaultDevice
00121950 000000c8 T FindDevice
00121a18 00000028 T RemoveDevice
00121a40 0000009c T AddDevice
00121adc 00000020 T GetDeviceOpTab
00121afc 00000078 T _fstat_r
00121b74 00000014 T _getpid_r
00121b88 00000008 T _isatty_r
00121b90 00000014 T _kill_r
00121ba4 00000084 T _lseek_r
00121c28 00000080 T _read_r
00121ca8 00000078 T _sbrk_r
00121d20 00000080 T _write_r
00121da0 00000020 T _exit
00121dc0 000001a4 T _concatenate_path
00121f64 00000140 T chdir
001220a4 00000008 T __flockfile
001220ac 00000008 T __funlockfile
001220b4 0000003c T __get_handle
001220f0 000000f4 T _close_r
001221e4 0000002c T __getreent
00122210 0000001c T __libc_lock_acquire
0012222c 0000001c T __libc_lock_release
00122248 0000001c T __libc_lock_init_recursive
00122264 0000001c T __libc_lock_acquire_recursive
00122280 0000001c T __libc_lock_release_recursive
0012229c 0000001c T __libc_lock_close_recursive
001222b8 00000038 T __aeabi_d2lz
001222b8 00000038 T __fixdfdi
001222f0 00000040 T __aeabi_d2ulz
001222f0 00000040 T __fixunsdfdi
00122330 00000048 T strrchr
00122378 T _fini
00123010 R brew_bgr
0015b410 R brew_bgr_end
0015b648 00000070 r dotab_stdout
0015b6b8 00000018 r grayScale
0015b6d0 00000006 r colorCube
0015b6d8 00000030 r colorTable
0015b72c 00000008 r morton_y.2
0015b734 00000008 r morton_x.3
0015b73c 00000008 r s_sleepWakeEvents.4
0015b75c 00000014 r swkbdFeatures
0015b77c R default_font_bin
0015bf7c R default_font_bin_end
0015bfac 00000030 r error_table
0015bfe4 00000070 r archive_devoptab
0015c05c 00000004 R _global_impure_ptr
0015c068 00000022 r basefix.0
0015c0c8 00000010 r zeroes.0
0015c0d8 00000010 r blanks.1
0015c0e8 00000101 R _ctype_
0015c1fc r .LC2
0015c2f0 0000000c r p05.0
0015c300 00000028 R __mprec_bigtens
0015c328 000000c8 R __mprec_tens
0015c400 00000014 r fpinan.0
0015c414 00000014 r fpi.1
0015c428 00000028 r tinytens
0015c450 0000006c R __action_table
0015c4bc 0000006c R __state_table
0015c528 00000100 R __chclass
0015c628 00000010 r zeroes.0
0015c638 00000010 r blanks.1
0015c648 00000010 r zeroes.0
0015c658 00000010 r blanks.1
0015c6f8 00000100 R __hexdig
0015c80c 00001a7c r d02f4
0015e288 0000172a r b02cf
0015f9b4 00000040 r a8
0015f9f4 000000a2 r a7
0015fa98 00000070 r a6
0015fb08 0000005b r a3
0015fb64 000000bc r a2
0015fc20 000000bc r a1
0015fcdc 00003528 r categories
00163204 00000070 R dotab_stdnull
00163274 R __tdata_align
00163278 r 
00163278 R __exidx_end
00163278 R __exidx_start
00164000 00000001 d firstConsoleInit.0
00164004 00000004 D currentConsole
00164008 00000048 D defaultConsole
00164050 00000004 d kCount
00164054 00000004 d kInterval
00164058 00000004 d kDelay
0016405c W __stacksize__
00164060 00000004 D _impure_ptr
00164068 00000460 d impure_data
001644c8 00000004 D __malloc_sbrk_base
001644cc 00000004 D __malloc_trim_threshold
001644d0 00000408 D __malloc_av_
001648d8 0000016c D __global_locale
00164a44 0000008c D devoptab_list
00164ad0 00000004 d defaultDevice
00164ad4 00000400 d _current_working_directory
00164ed4 00001000 d handles
00165ed4 0000000c d __stderr_handle
00165ee0 0000000c d __stdout_handle
00165eec 0000000c d __stdin_handle
00165f00 d _GLOBAL_OFFSET_TABLE_
00165f0c d __frame_dummy_init_array_entry
00165f0c D __init_array_start
00165f0c B __preinit_array_end
00165f0c B __preinit_array_start
00165f0c D __tdata_lma
00165f0c D __tdata_lma_end
00165f10 d __do_global_dtors_aux_fini_array_entry
00165f10 D __fini_array_start
00165f10 D __init_array_end
00165f14 D __bss_start__
00165f14 D __fini_array_end
00165f14 00000400 b swkbd.4
00166314 0000003c b mybuf.3
00166350 00000001 b reload.2
00166354 00000044 b swkbdStatus.1
00166398 0000a46c b swkbdLearning.0
00170804 b completed.1
00170808 b object.0
00170820 00000048 B currentCopy
00170868 00000004 b screenAlloc
0017086c 00000004 b screenFree
00170870 00000002 b gfxIsDoubleBuf
00170874 00000002 b gfxCurBuf
00170876 00000001 b gfxIsVram
00170877 00000001 b gfxTopMode
00170878 00000002 b gfxFramebufferFormats
0017087c 00000004 b gfxBottomFramebufferMaxSize
00170880 00000004 b gfxTopFramebufferMaxSize
00170888 00000008 b gfxBottomFramebuffers
00170890 00000008 b gfxTopFramebuffers
00170898 00000007 b gspEventCbOneShot
001708a0 0000001c b gspEventCbData
001708bc 0000001c b gspEventCb
001708d8 00000038 b gspEvents
00170910 00000004 b gspLastEvent
00170914 00000001 b gspRunEvents
00170918 00000004 b gspEventThread
0017091c 00000004 b gspEvent
00170920 00000001 b gspGpuRight
00170921 00000001 b gspThreadId
00170924 00000004 b gspSharedMem
00170928 00000004 b gspSharedMemHandle
0017092c 00000004 b gspRefCount
00170930 00000004 b gspGpuHandle
00170934 00000001 b flagValue.0
00170935 00000001 b flagInit.1
00170938 00000004 b serviceName.6
0017093c 00000001 b aptChainloadMediatype
00170940 00000008 b aptChainloadTid
00170948 00000001 b aptChainloadFlags
0017094c 00001000 b aptParameters
0017194c 00000004 b aptFlags
00171950 00000001 b aptHomeButtonState
00171954 00000004 b aptMessageFuncData
00171958 00000004 b aptMessageFunc
0017195c 0000000c b aptFirstHook
00171968 00000001 b aptEventHandlerThreadQuit
0017196c 00000004 b aptEventHandlerThread
00171970 00000008 b aptSleepEvent
00171978 00000008 b aptReceiveEvent
00171980 00000008 b aptEvents
00171988 00000004 b aptLockHandle
0017198c 00000004 b aptRefCount
00171990 00000001 b usingIrrst
00171994 00000004 b hidRefCount
00171998 00000006 b gRate
001719a0 00000006 b aVec
001719a8 00000004 b cPos
001719ac 00000004 b tPos
001719b0 00000004 b kRepeat
001719b4 00000004 b kUp
001719b8 00000004 b kDown
001719bc 00000004 b kHeld
001719c0 00000004 b kOld
001719c4 00000004 B hidSharedMem
001719c8 00000014 B hidEvents
001719dc 00000004 B hidMemHandle
001719e0 00000004 B hidHandle
001719e4 00000004 b swkbdSharedMemHandle
001719e8 00000004 b swkbdSharedMem
001719ec 00000004 B __system_retAddr
001719f0 00000004 B __system_argv
001719f4 00000004 B __system_argc
001719f8 b saved_stack
00171a00 00000008 b sVramPoolB
00171a08 00000008 b sVramPoolA
00171a10 0000000c b sAddrMap
00171a20 00000008 b sLinearPool
00171a28 0000000c b sAddrMap
00171a34 00000004 b arbiter
00171a38 00000001 V __ctru_speedup
00171a3c 00000004 B __3dslink_host
00171a40 00000004 b srvRefCount
00171a44 00000004 b srvHandle
00171a48 00000004 b currentAddr
00171a4c 00000004 b maxAddr
00171a50 00000004 b minAddr
00171a54 00000004 b irrstRefCount
00171a58 00000004 b csPos
00171a5c 00000004 b kHeld
00171a60 00000004 B irrstSharedMem
00171a64 00000004 B irrstEvent
00171a68 00000004 B irrstMemHandle
00171a6c 00000004 B irrstHandle
00171a70 00000004 b srvPmHandle
00171a74 00000004 b ptmSysmRefCount
00171a78 00000004 b ptmSysmHandle
00171a7c 00000004 V __ctru_linear_heap_size
00171a80 00000004 V __ctru_heap_size
00171a84 00000004 B __ctru_linear_heap
00171a88 00000004 B __ctru_heap
00171a90 00000540 b archive_devices
00171fd0 00000004 b archive_device_cwd
00171fd4 00000001 b archive_initialized
00171fd8 00000080 b fsExemptArchives
00172058 00000004 b fsuRefCount
0017205c 00000004 b fsuHandle
00172060 0000000c b __sinit_recursive_mutex
0017206c 0000000c b __sfp_recursive_mutex
00172078 00000028 B __malloc_current_mallinfo
001720a0 00000004 B __malloc_max_total_mem
001720a4 00000004 B __malloc_max_sbrked_mem
001720a8 00000004 B __malloc_top_pad
001720ac 0000000c b __malloc_recursive_mutex
001720b8 0000000c B __atexit_recursive_mutex
001720c4 00000004 b heap_start.0
001720c8 00000004 B fake_heap_start
001720cc 00000004 B fake_heap_end
001720d0 00000400 b temp_cwd
001724d0 00000004 b __hndl_lock
001724d4 B __tls_start
001730dc B __bss_end__
001730dc A __end__
001730dc B __tls_end
